400
200
700
-800
-300
-550
-650
-100
1200
200
1300
-450
-100
100
100
450
-400
450
300
300
-500
350
-1050
100
300
-50
-1100
100
-1350
-100
550
-100
850
100
-300
800
450
-200
400
-850
250
-200
100
0
2000
350
400
-100
-1250
100
-600
0
-100
100
-750
-350
900
-200
-1500
250
300
-350
-850
200
-850
550
50
100
-1450
-200
350
0
-350
600
1700
0
500
0
-400
-700
450
100
-400
200
500
250
950
100
300
250
350
-300
50
100
100
-300
-2050
200
-700
350
-1250
450
-1650
600
-150
100
-650
-350
-100
150
-150
100
900
600
600
-550
-400
250
250
550
-250
-100
500
800
650
-100
-600
100
600
700
500
-550
100
450
100
100
50
-700
-900
0
450
300
100
-200
-850
-100
-300
0
-50
-450
1200
100
50
-150
-550
0
-250
-250
-800
-100
100
-100
-800
600
550
550
1000
0
-100
450
-200
-800
-950
-350
-700
700
-1200
-100
-850
-100
750
0
-100
-350
-2300
-350
350
0
100
350
450
-550
-900
350
150
-100
1150
100
500
800
-200
1050
250
-250
0
500
1500
-550
100
350
-200
-550
-150
100
-600
-550
-1050
200
100
450
700
0
-100
100
150
-100
-300
-100
-50
200
550
0
-600
-300
150
350
1900
-150
400
700
-800
-100
-700
-550
800
0
700
0
1050
0
700
-100
250
-200
-500
0
400
100
-50
-100
950
250
-50
350
-450
0
400
-550
150
-200
-1600
-300
-450
-100
-1000
0
700
-350
100
-150
100
-100
-550
700
-400
-450
550
150
0
-100
1100
-450
-150
100
300
100
-250
350
-700
450
-600
350
500
-450
-100
-150
350
100
200
450
-150
100
-150
-200
0
700
-500
-100
-900
-950
-1450
100
550
350
-1050
0
850
100
-2100
-250
750
100
850
550
-1150
-300
-400
350
-550
100
0
-450
-550
0
850
350
-350
250
100
0
700
450
-700
0
500
0
-350
250
-450
300
-350
450
950
450
650
200
-1400
300
850
-100
0
550
450
-250
1050
-700
-1450
0
-1200
-250
800
-100
950
-200
700
200
-400
100
-700
100
750
100
200
0
0
-100
1200
100
150
-200
800
100
-600
600
50
-100
-1900
-450
-1700
350
250
0
-250
550
1150
450
500
200
300
100
1050
50
150
350
-350
0
150
0
150
450
300
-100
1200
-100
550
-100
-550
700
-100
550
-950
250
-150
-350
1400
100
-100
-300
-1000
700
-550
-100
300
-100
450
100
-450
-300
-1650
350
1400
-200
400
-450
-100
0
150
-500
-950
0
250
-450
-400
250
-500
0
1250
300
1100
-250
500
550
-650
-300
1050
350
1600
-700
800
0
-1050
-200
300
-250
500
-550
-550
0
-50
-100
